<?xml version="1.0" encoding="UTF-8"?>
<testng-results skipped="0" failed="0" ignored="0" total="3" passed="3">
  <reporter-output>
  </reporter-output>
  <suite name="Suite" duration-ms="56832" started-at="2020-12-03T09:41:50Z" finished-at="2020-12-03T09:42:47Z">
    <groups>
    </groups>
    <test name="Test" duration-ms="56832" started-at="2020-12-03T09:41:50Z" finished-at="2020-12-03T09:42:47Z">
      <class name="testcases.TC_2">
        <test-method status="PASS" signature="testcase1()[pri:0, instance:testcases.TC_2@39aeed2f]" name="testcase1" duration-ms="11488" started-at="2020-12-03T15:12:35Z" finished-at="2020-12-03T15:12:47Z">
          <reporter-output>
          </reporter-output>
        </test-method> <!-- testcase1 -->
      </class> <!-- testcases.TC_2 -->
      <class name="testcases.TC_001">
        <test-method status="PASS" signature="testcase1()[pri:0, instance:testcases.TC_001@7823a2f9]" name="testcase1" duration-ms="30924" started-at="2020-12-03T15:11:50Z" finished-at="2020-12-03T15:12:21Z">
          <reporter-output>
          </reporter-output>
        </test-method> <!-- testcase1 -->
      </class> <!-- testcases.TC_001 -->
      <class name="testcases.TC_3">
        <test-method status="PASS" signature="testcase1()[pri:0, instance:testcases.TC_3@5c7fa833]" name="testcase1" duration-ms="14379" started-at="2020-12-03T15:12:21Z" finished-at="2020-12-03T15:12:35Z">
          <reporter-output>
          </reporter-output>
        </test-method> <!-- testcase1 -->
      </class> <!-- testcases.TC_3 -->
    </test> <!-- Test -->
  </suite> <!-- Suite -->
</testng-results>
